[INFO] 27-05-2026 23:41:14 [TestNG-tests-1] [LogUtils] - 
========================================
[INFO] 27-05-2026 23:41:14 [TestNG-tests-1] [LogUtils] - TEST RUN STARTED
[INFO] 27-05-2026 23:41:14 [TestNG-tests-1] [LogUtils] - Time: 2026-05-27T16:41:13.801144500Z
[INFO] 27-05-2026 23:41:14 [TestNG-tests-1] [LogUtils] - ========================================
[INFO] 27-05-2026 23:41:14 [TestNG-tests-1] [LogUtils] - Loaded: src/main/resources/config.properties
[INFO] 27-05-2026 23:41:14 [TestNG-tests-1] [LogUtils] - Loaded: src/main/resources/env/dev.properties
[INFO] 27-05-2026 23:41:14 [TestNG-tests-1] [LogUtils] - Loaded: src/main/java/objects/event_hub.properties
[INFO] 27-05-2026 23:41:14 [TestNG-tests-1] [LogUtils] - Loaded: src/main/resources/cucumber.properties
[INFO] 27-05-2026 23:41:14 [TestNG-tests-1] [LogUtils] - Total properties loaded: 55
[INFO] 27-05-2026 23:41:14 [TestNG-tests-1] [LogUtils] - Environment found: dev
[INFO] 27-05-2026 23:41:14 [TestNG-tests-1] [LogUtils] - Properties loaded successfully!
[INFO] 27-05-2026 23:41:14 [TestNG-tests-1] [LogUtils] - ExtentReport initialized successfully
[INFO] 27-05-2026 23:41:14 [TestNG-tests-1] [LogUtils] - ========================================
[INFO] 27-05-2026 23:41:14 [TestNG-tests-1] [LogUtils] - STARTING TEST SUITE
[INFO] 27-05-2026 23:41:14 [TestNG-tests-1] [LogUtils] - ========================================
[INFO] 27-05-2026 23:41:14 [TestNG-tests-1] [LogUtils] - ✅ Configuration loaded successfully
[INFO] 27-05-2026 23:41:14 [TestNG-tests-1] [LogUtils] - Environment: dev
[INFO] 27-05-2026 23:41:14 [TestNG-tests-1] [LogUtils] - Base URL: https://eventhub.rahulshettyacademy.com/login
[INFO] 27-05-2026 23:41:14 [TestNG-tests-1] [LogUtils] - Test User Email: chieko.gibson@gmail.com
[INFO] 27-05-2026 23:41:14 [TestNG-tests-1] [LogUtils] - 
==================================================
Testing as: chieko.gibson@gmail.com (Development Account)
Environment: dev
==================================================

[INFO] 27-05-2026 23:41:14 [TestNG-tests-1] [LogUtils] - 
TEST CASE STARTED: User search with invalid keyword
[INFO] 27-05-2026 23:41:14 [TestNG-tests-1] [LogUtils] -   Feature: file:///D:/CodeProject/Java/MyProject/CucumberBDDProject/CucumberMiniFramework/cucumber_hybrid_framework/src/test/java/features/Events/SearchNotFound.feature
[INFO] 27-05-2026 23:41:14 [TestNG-tests-1] [LogUtils] -   Line: 6
[INFO] 27-05-2026 23:41:14 [TestNG-tests-1] [LogUtils] - SCENARIO START: User search with invalid keyword
[INFO] 27-05-2026 23:41:14 [TestNG-tests-1] [LogUtils] - SCENARIO STATUS: Starting
[INFO] 27-05-2026 23:41:16 [TestNG-tests-1] [LogUtils] - Driver initialized for scenario: User search with invalid keyword
[INFO] 27-05-2026 23:41:16 [TestNG-tests-1] [LogUtils] - ExtentTest initialized for: User search with invalid keyword
[INFO] 27-05-2026 23:41:16 [TestNG-tests-1] [LogUtils] -   Step: I launch the browser
[INFO] 27-05-2026 23:41:17 [TestNG-tests-1] [LogUtils] - Verify true: true
[INFO] 27-05-2026 23:41:17 [TestNG-tests-1] [LogUtils] -   Step Completed: I launch the browser
[INFO] 27-05-2026 23:41:17 [TestNG-tests-1] [LogUtils] -     Status: PASSED
[INFO] 27-05-2026 23:41:17 [TestNG-tests-1] [LogUtils] -     Duration: 1144 ms
[INFO] 27-05-2026 23:41:17 [TestNG-tests-1] [LogUtils] -   Step: I navigate to url "https://eventhub.rahulshettyacademy.com"
[INFO] 27-05-2026 23:41:20 [TestNG-tests-1] [LogUtils] - Open URL: https://eventhub.rahulshettyacademy.com
[INFO] 27-05-2026 23:41:20 [TestNG-tests-1] [LogUtils] -   Step Completed: I navigate to url "https://eventhub.rahulshettyacademy.com"
[INFO] 27-05-2026 23:41:20 [TestNG-tests-1] [LogUtils] -     Status: PASSED
[INFO] 27-05-2026 23:41:20 [TestNG-tests-1] [LogUtils] -     Duration: 2444 ms
[INFO] 27-05-2026 23:41:20 [TestNG-tests-1] [LogUtils] -   Step: I enter registered email address and password
[INFO] 27-05-2026 23:41:20 [TestNG-tests-1] [LogUtils] - Logging in with account: chieko.gibson@gmail.com
[INFO] 27-05-2026 23:41:20 [TestNG-tests-1] [LogUtils] - Account Type: Development Account
[INFO] 27-05-2026 23:41:20 [TestNG-tests-1] [LogUtils] - Environment: dev
[INFO] 27-05-2026 23:41:21 [TestNG-tests-1] [LogUtils] - Set text: chieko.gibson@gmail.com on element By.xpath: //input[@id='email']
[INFO] 27-05-2026 23:41:22 [TestNG-tests-1] [LogUtils] - Set text: Of3%BGOK on element By.xpath: //input[@id='password']
[INFO] 27-05-2026 23:41:22 [TestNG-tests-1] [LogUtils] -   Step Completed: I enter registered email address and password
[INFO] 27-05-2026 23:41:22 [TestNG-tests-1] [LogUtils] -     Status: PASSED
[INFO] 27-05-2026 23:41:22 [TestNG-tests-1] [LogUtils] -     Duration: 2220 ms
[INFO] 27-05-2026 23:41:22 [TestNG-tests-1] [LogUtils] -   Step: I click "sign in" button
[INFO] 27-05-2026 23:41:23 [TestNG-tests-1] [LogUtils] - Click element By.xpath: //button[@id='login-btn']
[INFO] 27-05-2026 23:41:24 [TestNG-tests-1] [LogUtils] - Attempting to handle Password Manager popup with combined method (ESC + Click)
[INFO] 27-05-2026 23:41:24 [TestNG-tests-1] [LogUtils] - Attempting to handle Password Manager popup by pressing ESC
[INFO] 27-05-2026 23:41:24 [TestNG-tests-1] [LogUtils] - Password Manager popup closed successfully with ESC
[INFO] 27-05-2026 23:41:25 [TestNG-tests-1] [LogUtils] - Attempting to handle Password Manager popup by clicking close button
[WARN] 27-05-2026 23:41:31 [TestNG-tests-1] [LogUtils] - Failed to close popup by clicking button: invalid selector: Unable to locate an element with the xpath expression //button[@class*='close'] because of the following error:
SyntaxError: Failed to execute 'evaluate' on 'Document': The string '//button[@class*='close']' is not a valid XPath expression.
  (Session info: chrome=148.0.7778.179)
For documentation on this error, please visit: https://www.selenium.dev/documentation/webdriver/troubleshooting/errors#invalid-selector-exception
Build info: version: '4.32.0', revision: 'd17c8aa950'
System info: os.name: 'Windows 11', os.arch: 'amd64', os.version: '10.0', java.version: '21.0.2'
Driver info: org.openqa.selenium.chrome.ChromeDriver
Command: [8b77bef56f7738ae5bac60bbcc068209, findElement {using=xpath, value=//button[@class*='close']}]
Capabilities {acceptInsecureCerts: false, browserName: chrome, browserVersion: 148.0.7778.179, chrome: {chromedriverVersion: 148.0.7778.178 (d096af1c9e9..., userDataDir: C:\Users\injas\AppData\Loca...}, fedcm:accounts: true, goog:chromeOptions: {debuggerAddress: localhost:50141}, goog:processID: 33596, networkConnectionEnabled: false, pageLoadStrategy: normal, platformName: windows, proxy: Proxy(), se:cdp: ws://localhost:50141/devtoo..., se:cdpVersion: 148.0.7778.179, setWindowRect: true, strictFileInteractability: false, timeouts: {implicit: 0, pageLoad: 300000, script: 30000}, unhandledPromptBehavior: dismiss and notify, webauthn:extension:credBlob: true, webauthn:extension:largeBlob: true, webauthn:extension:minPinLength: true, webauthn:extension:prf: true, webauthn:virtualAuthenticators: true}
Session ID: 8b77bef56f7738ae5bac60bbcc068209
[INFO] 27-05-2026 23:41:31 [TestNG-tests-1] [LogUtils] - Password Manager popup handling completed
[INFO] 27-05-2026 23:41:31 [TestNG-tests-1] [LogUtils] -   Step Completed: I click "sign in" button
[INFO] 27-05-2026 23:41:31 [TestNG-tests-1] [LogUtils] -     Status: PASSED
[INFO] 27-05-2026 23:41:31 [TestNG-tests-1] [LogUtils] -     Duration: 9340 ms
[INFO] 27-05-2026 23:41:31 [TestNG-tests-1] [LogUtils] -   Step: I navigate to "Events" menu
[INFO] 27-05-2026 23:41:31 [TestNG-tests-1] [LogUtils] - Attempting to handle Password Manager popup with combined method (ESC + Click)
[INFO] 27-05-2026 23:41:31 [TestNG-tests-1] [LogUtils] - Attempting to handle Password Manager popup by pressing ESC
[INFO] 27-05-2026 23:41:32 [TestNG-tests-1] [LogUtils] - Password Manager popup closed successfully with ESC
[INFO] 27-05-2026 23:41:33 [TestNG-tests-1] [LogUtils] - Attempting to handle Password Manager popup by clicking close button
[WARN] 27-05-2026 23:41:39 [TestNG-tests-1] [LogUtils] - Failed to close popup by clicking button: invalid selector: Unable to locate an element with the xpath expression //button[@class*='close'] because of the following error:
SyntaxError: Failed to execute 'evaluate' on 'Document': The string '//button[@class*='close']' is not a valid XPath expression.
  (Session info: chrome=148.0.7778.179)
For documentation on this error, please visit: https://www.selenium.dev/documentation/webdriver/troubleshooting/errors#invalid-selector-exception
Build info: version: '4.32.0', revision: 'd17c8aa950'
System info: os.name: 'Windows 11', os.arch: 'amd64', os.version: '10.0', java.version: '21.0.2'
Driver info: org.openqa.selenium.chrome.ChromeDriver
Command: [8b77bef56f7738ae5bac60bbcc068209, findElement {using=xpath, value=//button[@class*='close']}]
Capabilities {acceptInsecureCerts: false, browserName: chrome, browserVersion: 148.0.7778.179, chrome: {chromedriverVersion: 148.0.7778.178 (d096af1c9e9..., userDataDir: C:\Users\injas\AppData\Loca...}, fedcm:accounts: true, goog:chromeOptions: {debuggerAddress: localhost:50141}, goog:processID: 33596, networkConnectionEnabled: false, pageLoadStrategy: normal, platformName: windows, proxy: Proxy(), se:cdp: ws://localhost:50141/devtoo..., se:cdpVersion: 148.0.7778.179, setWindowRect: true, strictFileInteractability: false, timeouts: {implicit: 0, pageLoad: 300000, script: 30000}, unhandledPromptBehavior: dismiss and notify, webauthn:extension:credBlob: true, webauthn:extension:largeBlob: true, webauthn:extension:minPinLength: true, webauthn:extension:prf: true, webauthn:virtualAuthenticators: true}
Session ID: 8b77bef56f7738ae5bac60bbcc068209
[INFO] 27-05-2026 23:41:39 [TestNG-tests-1] [LogUtils] - Password Manager popup handling completed
[INFO] 27-05-2026 23:41:42 [TestNG-tests-1] [LogUtils] - Click element By.xpath: //a[@id='nav-events']
[INFO] 27-05-2026 23:41:42 [TestNG-tests-1] [LogUtils] -   Step Completed: I navigate to "Events" menu
[INFO] 27-05-2026 23:41:42 [TestNG-tests-1] [LogUtils] -     Status: PASSED
[INFO] 27-05-2026 23:41:42 [TestNG-tests-1] [LogUtils] -     Duration: 10041 ms
[INFO] 27-05-2026 23:41:42 [TestNG-tests-1] [LogUtils] -   Step: I verify that "Upcoming Events" is visible successfully
[INFO] 27-05-2026 23:41:42 [TestNG-tests-1] [LogUtils] - Verify By.xpath: //h1[normalize-space()='Upcoming Events'] is displayed
[INFO] 27-05-2026 23:41:42 [TestNG-tests-1] [LogUtils] -   Step Completed: I verify that "Upcoming Events" is visible successfully
[INFO] 27-05-2026 23:41:42 [TestNG-tests-1] [LogUtils] -     Status: PASSED
[INFO] 27-05-2026 23:41:42 [TestNG-tests-1] [LogUtils] -     Duration: 77 ms
[INFO] 27-05-2026 23:41:42 [TestNG-tests-1] [LogUtils] -   Step: I enter "XYZ123" in search field
[INFO] 27-05-2026 23:41:43 [TestNG-tests-1] [LogUtils] - Set text: XYZ123 on element By.xpath: //input[contains(@placeholder,'Search events')]
[INFO] 27-05-2026 23:41:43 [TestNG-tests-1] [LogUtils] -   Step Completed: I enter "XYZ123" in search field
[INFO] 27-05-2026 23:41:43 [TestNG-tests-1] [LogUtils] -     Status: PASSED
[INFO] 27-05-2026 23:41:43 [TestNG-tests-1] [LogUtils] -     Duration: 1113 ms
[INFO] 27-05-2026 23:41:43 [TestNG-tests-1] [LogUtils] -   Step: I press enter
[INFO] 27-05-2026 23:41:43 [TestNG-tests-1] [LogUtils] -   Step Completed: I press enter
[INFO] 27-05-2026 23:41:43 [TestNG-tests-1] [LogUtils] -     Status: PASSED
[INFO] 27-05-2026 23:41:43 [TestNG-tests-1] [LogUtils] -     Duration: 346 ms
[INFO] 27-05-2026 23:41:43 [TestNG-tests-1] [LogUtils] -   Step: I should see "No events found" message
[INFO] 27-05-2026 23:41:45 [TestNG-tests-1] [LogUtils] - Verify equals: No events found and No events found
[INFO] 27-05-2026 23:41:45 [TestNG-tests-1] [LogUtils] -   Step Completed: I should see "No events found" message
[INFO] 27-05-2026 23:41:45 [TestNG-tests-1] [LogUtils] -     Status: PASSED
[INFO] 27-05-2026 23:41:45 [TestNG-tests-1] [LogUtils] -     Duration: 1597 ms
[INFO] 27-05-2026 23:41:45 [TestNG-tests-1] [LogUtils] - SCENARIO FINISHED: User search with invalid keyword
[INFO] 27-05-2026 23:41:45 [TestNG-tests-1] [LogUtils] - SCENARIO STATUS: PASSED
[INFO] 27-05-2026 23:41:45 [TestNG-tests-1] [LogUtils] - ========================================

[INFO] 27-05-2026 23:41:45 [TestNG-tests-1] [LogUtils] - 
TEST CASE FINISHED: User search with invalid keyword
[INFO] 27-05-2026 23:41:45 [TestNG-tests-1] [LogUtils] -   Status: PASSED
[INFO] 27-05-2026 23:41:45 [TestNG-tests-1] [LogUtils] -   Duration: 30626 ms
[INFO] 27-05-2026 23:41:45 [TestNG-tests-1] [LogUtils] - ----------------------------------------
[INFO] 27-05-2026 23:41:45 [TestNG-tests-1] [LogUtils] - ========================================
[INFO] 27-05-2026 23:41:45 [TestNG-tests-1] [LogUtils] - TEST SUITE COMPLETED
[INFO] 27-05-2026 23:41:45 [TestNG-tests-1] [LogUtils] - ========================================
[INFO] 27-05-2026 23:41:45 [TestNG-tests-1] [LogUtils] - 
========================================
[INFO] 27-05-2026 23:41:45 [TestNG-tests-1] [LogUtils] - TEST RUN FINISHED
[INFO] 27-05-2026 23:41:45 [TestNG-tests-1] [LogUtils] - Time: 2026-05-27T16:41:45.365043400Z
[INFO] 27-05-2026 23:41:45 [TestNG-tests-1] [LogUtils] - ========================================

[INFO] 27-05-2026 23:41:45 [TestNG-tests-1] [LogUtils] - Flushing Extent Report...
[INFO] 27-05-2026 23:41:45 [TestNG-tests-1] [LogUtils] - Extent Report flushed successfully
[INFO] 27-05-2026 23:41:45 [TestNG-tests-1] [LogUtils] - Please check the exports/ExtentReport folder for the HTML report
